0 info it worked if it ends with ok
1 verbose cli [ '/Users/tcruse/.nvm/versions/node/v4.1.2/bin/node',
1 verbose cli   '/Users/tcruse/.nvm/versions/node/v4.1.2/bin/npm',
1 verbose cli   'publish' ]
2 info using npm@2.14.4
3 info using node@v4.1.2
4 verbose publish [ '.' ]
5 silly cache add args [ '.', null ]
6 verbose cache add spec .
7 silly cache add parsed spec Result {
7 silly cache add   raw: '.',
7 silly cache add   scope: null,
7 silly cache add   name: null,
7 silly cache add   rawSpec: '.',
7 silly cache add   spec: '/Users/tcruse/Dropbox/dev/node/raspberry-sensor-sense-hat',
7 silly cache add   type: 'directory' }
8 verbose addLocalDirectory /Users/tcruse/.npm/raspberry-sensor-sense-hat/1.0.0/package.tgz not in flight; packing
9 verbose tar pack [ '/Users/tcruse/.npm/raspberry-sensor-sense-hat/1.0.0/package.tgz',
9 verbose tar pack   '/Users/tcruse/Dropbox/dev/node/raspberry-sensor-sense-hat' ]
10 verbose tarball /Users/tcruse/.npm/raspberry-sensor-sense-hat/1.0.0/package.tgz
11 verbose folder /Users/tcruse/Dropbox/dev/node/raspberry-sensor-sense-hat
12 info prepublish raspberry-sensor-sense-hat@1.0.0
13 verbose addLocalTarball adding from inside cache /Users/tcruse/.npm/raspberry-sensor-sense-hat/1.0.0/package.tgz
14 silly cache afterAdd raspberry-sensor-sense-hat@1.0.0
15 verbose afterAdd /Users/tcruse/.npm/raspberry-sensor-sense-hat/1.0.0/package/package.json not in flight; writing
16 verbose afterAdd /Users/tcruse/.npm/raspberry-sensor-sense-hat/1.0.0/package/package.json written
17 silly publish { name: 'raspberry-sensor-sense-hat',
17 silly publish   version: '1.0.0',
17 silly publish   description: '',
17 silly publish   main: 'index.js',
17 silly publish   scripts: { test: 'echo "Error: no test specified" && exit 1' },
17 silly publish   repository:
17 silly publish    { type: 'git',
17 silly publish      url: 'git+https://github.com/teuteuguy/raspberry-sensor-sense-hat.git' },
17 silly publish   author: { name: 'teuteuguy' },
17 silly publish   license: 'ISC',
17 silly publish   bugs: { url: 'https://github.com/teuteuguy/raspberry-sensor-sense-hat/issues' },
17 silly publish   homepage: 'https://github.com/teuteuguy/raspberry-sensor-sense-hat#readme',
17 silly publish   dependencies: { 'i2c-bus': '^1.0.0' },
17 silly publish   gitHead: '20e74c114745c3f2e3a39def87c2c6101bac75fd',
17 silly publish   readme: '# raspberry-sensor-sense-hat\n',
17 silly publish   readmeFilename: 'README.md',
17 silly publish   _id: 'raspberry-sensor-sense-hat@1.0.0',
17 silly publish   _shasum: 'a25b6dbd32bcc06ec22c9a0526ed13882ea99111',
17 silly publish   _from: '.',
17 silly publish   _resolved: 'git://github.com/teuteuguy/raspberry-sensor-sense-hat.git#20e74c114745c3f2e3a39def87c2c6101bac75fd' }
18 verbose getPublishConfig undefined
19 silly mapToRegistry name raspberry-sensor-sense-hat
20 silly mapToRegistry using default registry
21 silly mapToRegistry registry https://registry.npmjs.org/
22 silly mapToRegistry uri https://registry.npmjs.org/raspberry-sensor-sense-hat
23 verbose publish registryBase https://registry.npmjs.org/
24 silly publish uploading /Users/tcruse/.npm/raspberry-sensor-sense-hat/1.0.0/package.tgz
25 verbose request uri https://registry.npmjs.org/raspberry-sensor-sense-hat
26 verbose request sending authorization for write operation
27 info attempt registry request try #1 at 3:41:30 PM
28 verbose request using bearer token for auth
29 verbose request id 7355e4c7e513ec68
30 http request PUT https://registry.npmjs.org/raspberry-sensor-sense-hat
31 http 403 https://registry.npmjs.org/raspberry-sensor-sense-hat
32 verbose headers { 'content-type': 'application/json',
32 verbose headers   'cache-control': 'max-age=60',
32 verbose headers   'content-length': '128',
32 verbose headers   'accept-ranges': 'bytes',
32 verbose headers   date: 'Tue, 20 Oct 2015 07:41:31 GMT',
32 verbose headers   via: '1.1 varnish',
32 verbose headers   connection: 'keep-alive',
32 verbose headers   'x-served-by': 'cache-sin6927-SIN',
32 verbose headers   'x-cache': 'MISS',
32 verbose headers   'x-cache-hits': '0',
32 verbose headers   'x-timer': 'S1445326890.827809,VS0,VE968' }
33 verbose request invalidating /Users/tcruse/.npm/registry.npmjs.org/raspberry-sensor-sense-hat on PUT
34 error publish Failed PUT 403
35 verbose stack Error: "You cannot publish over the previously published version 1.0.0. Try bumping the version to 2.0.0" : raspberry-sensor-sense-hat
35 verbose stack     at makeError (/Users/tcruse/.nvm/versions/node/v4.1.2/lib/node_modules/npm/node_modules/npm-registry-client/lib/request.js:263:12)
35 verbose stack     at CachingRegistryClient.<anonymous> (/Users/tcruse/.nvm/versions/node/v4.1.2/lib/node_modules/npm/node_modules/npm-registry-client/lib/request.js:251:14)
35 verbose stack     at Request._callback (/Users/tcruse/.nvm/versions/node/v4.1.2/lib/node_modules/npm/node_modules/npm-registry-client/lib/request.js:171:14)
35 verbose stack     at Request.self.callback (/Users/tcruse/.nvm/versions/node/v4.1.2/lib/node_modules/npm/node_modules/request/request.js:198:22)
35 verbose stack     at emitTwo (events.js:87:13)
35 verbose stack     at Request.emit (events.js:172:7)
35 verbose stack     at Request.<anonymous> (/Users/tcruse/.nvm/versions/node/v4.1.2/lib/node_modules/npm/node_modules/request/request.js:1073:14)
35 verbose stack     at emitOne (events.js:82:20)
35 verbose stack     at Request.emit (events.js:169:7)
35 verbose stack     at IncomingMessage.<anonymous> (/Users/tcruse/.nvm/versions/node/v4.1.2/lib/node_modules/npm/node_modules/request/request.js:1019:12)
36 verbose statusCode 403
37 verbose pkgid raspberry-sensor-sense-hat
38 verbose cwd /Users/tcruse/Dropbox/dev/node/raspberry-sensor-sense-hat
39 error Darwin 14.5.0
40 error argv "/Users/tcruse/.nvm/versions/node/v4.1.2/bin/node" "/Users/tcruse/.nvm/versions/node/v4.1.2/bin/npm" "publish"
41 error node v4.1.2
42 error npm  v2.14.4
43 error code E403
44 error "You cannot publish over the previously published version 1.0.0. Try bumping the version to 2.0.0" : raspberry-sensor-sense-hat
45 error If you need help, you may report this error at:
45 error     <https://github.com/npm/npm/issues>
46 verbose exit [ 1, true ]
